mode: count
github.com/s0vunia/chat_microservice/internal/api/chat/create.go:12.109,14.16 2 0
github.com/s0vunia/chat_microservice/internal/api/chat/create.go:14.16,16.3 1 0
github.com/s0vunia/chat_microservice/internal/api/chat/create.go:18.2,22.8 2 0
github.com/s0vunia/chat_microservice/internal/api/chat/delete.go:11.103,13.16 2 0
github.com/s0vunia/chat_microservice/internal/api/chat/delete.go:13.16,15.3 1 0
github.com/s0vunia/chat_microservice/internal/api/chat/delete.go:16.2,16.17 1 0
github.com/s0vunia/chat_microservice/internal/api/chat/sendMessage.go:11.124,13.16 2 0
github.com/s0vunia/chat_microservice/internal/api/chat/sendMessage.go:13.16,15.3 1 0
github.com/s0vunia/chat_microservice/internal/api/chat/sendMessage.go:16.2,19.8 1 0
github.com/s0vunia/chat_microservice/internal/api/chat/service.go:15.73,19.2 1 0
github.com/s0vunia/chat_microservice/internal/service/chat/create.go:11.135,14.72 2 0
github.com/s0vunia/chat_microservice/internal/service/chat/create.go:14.72,17.63 3 0
github.com/s0vunia/chat_microservice/internal/service/chat/create.go:17.63,19.4 1 0
github.com/s0vunia/chat_microservice/internal/service/chat/create.go:20.3,21.19 2 0
github.com/s0vunia/chat_microservice/internal/service/chat/create.go:21.19,23.4 1 0
github.com/s0vunia/chat_microservice/internal/service/chat/create.go:24.3,24.14 1 0
github.com/s0vunia/chat_microservice/internal/service/chat/create.go:24.14,26.4 1 0
github.com/s0vunia/chat_microservice/internal/service/chat/create.go:28.3,29.19 2 0
github.com/s0vunia/chat_microservice/internal/service/chat/create.go:29.19,31.4 1 0
github.com/s0vunia/chat_microservice/internal/service/chat/create.go:32.3,32.61 1 0
github.com/s0vunia/chat_microservice/internal/service/chat/create.go:32.61,34.4 1 0
github.com/s0vunia/chat_microservice/internal/service/chat/create.go:36.3,37.19 2 0
github.com/s0vunia/chat_microservice/internal/service/chat/create.go:37.19,39.4 1 0
github.com/s0vunia/chat_microservice/internal/service/chat/create.go:41.3,45.19 2 0
github.com/s0vunia/chat_microservice/internal/service/chat/create.go:45.19,47.4 1 0
github.com/s0vunia/chat_microservice/internal/service/chat/create.go:48.3,48.13 1 0
github.com/s0vunia/chat_microservice/internal/service/chat/create.go:50.2,50.16 1 0
github.com/s0vunia/chat_microservice/internal/service/chat/create.go:50.16,52.3 1 0
github.com/s0vunia/chat_microservice/internal/service/chat/create.go:53.2,53.16 1 0
github.com/s0vunia/chat_microservice/internal/service/chat/delete.go:10.60,11.72 1 0
github.com/s0vunia/chat_microservice/internal/service/chat/delete.go:11.72,14.19 3 0
github.com/s0vunia/chat_microservice/internal/service/chat/delete.go:14.19,16.4 1 0
github.com/s0vunia/chat_microservice/internal/service/chat/delete.go:18.3,22.19 2 0
github.com/s0vunia/chat_microservice/internal/service/chat/delete.go:22.19,24.4 1 0
github.com/s0vunia/chat_microservice/internal/service/chat/delete.go:25.3,25.13 1 0
github.com/s0vunia/chat_microservice/internal/service/chat/delete.go:27.2,27.16 1 0
github.com/s0vunia/chat_microservice/internal/service/chat/delete.go:27.16,29.3 1 0
github.com/s0vunia/chat_microservice/internal/service/chat/delete.go:30.2,30.12 1 0
github.com/s0vunia/chat_microservice/internal/service/chat/send.go:12.101,14.72 2 0
github.com/s0vunia/chat_microservice/internal/service/chat/send.go:14.72,17.32 3 0
github.com/s0vunia/chat_microservice/internal/service/chat/send.go:17.32,19.4 1 0
github.com/s0vunia/chat_microservice/internal/service/chat/send.go:20.3,21.19 2 0
github.com/s0vunia/chat_microservice/internal/service/chat/send.go:21.19,23.4 1 0
github.com/s0vunia/chat_microservice/internal/service/chat/send.go:25.3,28.19 2 0
github.com/s0vunia/chat_microservice/internal/service/chat/send.go:28.19,30.4 1 0
github.com/s0vunia/chat_microservice/internal/service/chat/send.go:32.3,32.13 1 0
github.com/s0vunia/chat_microservice/internal/service/chat/send.go:34.2,34.16 1 0
github.com/s0vunia/chat_microservice/internal/service/chat/send.go:34.16,36.3 1 0
github.com/s0vunia/chat_microservice/internal/service/chat/send.go:37.2,37.16 1 0
github.com/s0vunia/chat_microservice/internal/service/chat/service.go:27.23,36.2 1 0
github.com/s0vunia/chat_microservice/internal/api/chat/create.go:12.109,14.16 2 10
github.com/s0vunia/chat_microservice/internal/api/chat/create.go:14.16,16.3 1 5
github.com/s0vunia/chat_microservice/internal/api/chat/create.go:18.2,22.8 2 5
github.com/s0vunia/chat_microservice/internal/api/chat/delete.go:11.103,13.16 2 10
github.com/s0vunia/chat_microservice/internal/api/chat/delete.go:13.16,15.3 1 5
github.com/s0vunia/chat_microservice/internal/api/chat/delete.go:16.2,16.17 1 5
github.com/s0vunia/chat_microservice/internal/api/chat/sendMessage.go:11.124,13.16 2 10
github.com/s0vunia/chat_microservice/internal/api/chat/sendMessage.go:13.16,15.3 1 5
github.com/s0vunia/chat_microservice/internal/api/chat/sendMessage.go:16.2,19.8 1 5
github.com/s0vunia/chat_microservice/internal/api/chat/service.go:15.73,19.2 1 30
github.com/s0vunia/chat_microservice/internal/service/chat/create.go:11.135,14.72 2 0
github.com/s0vunia/chat_microservice/internal/service/chat/create.go:14.72,17.63 3 0
github.com/s0vunia/chat_microservice/internal/service/chat/create.go:17.63,19.4 1 0
github.com/s0vunia/chat_microservice/internal/service/chat/create.go:20.3,21.19 2 0
github.com/s0vunia/chat_microservice/internal/service/chat/create.go:21.19,23.4 1 0
github.com/s0vunia/chat_microservice/internal/service/chat/create.go:24.3,24.14 1 0
github.com/s0vunia/chat_microservice/internal/service/chat/create.go:24.14,26.4 1 0
github.com/s0vunia/chat_microservice/internal/service/chat/create.go:28.3,29.19 2 0
github.com/s0vunia/chat_microservice/internal/service/chat/create.go:29.19,31.4 1 0
github.com/s0vunia/chat_microservice/internal/service/chat/create.go:32.3,32.61 1 0
github.com/s0vunia/chat_microservice/internal/service/chat/create.go:32.61,34.4 1 0
github.com/s0vunia/chat_microservice/internal/service/chat/create.go:36.3,37.19 2 0
github.com/s0vunia/chat_microservice/internal/service/chat/create.go:37.19,39.4 1 0
github.com/s0vunia/chat_microservice/internal/service/chat/create.go:41.3,45.19 2 0
github.com/s0vunia/chat_microservice/internal/service/chat/create.go:45.19,47.4 1 0
github.com/s0vunia/chat_microservice/internal/service/chat/create.go:48.3,48.13 1 0
github.com/s0vunia/chat_microservice/internal/service/chat/create.go:50.2,50.16 1 0
github.com/s0vunia/chat_microservice/internal/service/chat/create.go:50.16,52.3 1 0
github.com/s0vunia/chat_microservice/internal/service/chat/create.go:53.2,53.16 1 0
github.com/s0vunia/chat_microservice/internal/service/chat/delete.go:10.60,11.72 1 0
github.com/s0vunia/chat_microservice/internal/service/chat/delete.go:11.72,14.19 3 0
github.com/s0vunia/chat_microservice/internal/service/chat/delete.go:14.19,16.4 1 0
github.com/s0vunia/chat_microservice/internal/service/chat/delete.go:18.3,22.19 2 0
github.com/s0vunia/chat_microservice/internal/service/chat/delete.go:22.19,24.4 1 0
github.com/s0vunia/chat_microservice/internal/service/chat/delete.go:25.3,25.13 1 0
github.com/s0vunia/chat_microservice/internal/service/chat/delete.go:27.2,27.16 1 0
github.com/s0vunia/chat_microservice/internal/service/chat/delete.go:27.16,29.3 1 0
github.com/s0vunia/chat_microservice/internal/service/chat/delete.go:30.2,30.12 1 0
github.com/s0vunia/chat_microservice/internal/service/chat/send.go:12.101,14.72 2 0
github.com/s0vunia/chat_microservice/internal/service/chat/send.go:14.72,17.32 3 0
github.com/s0vunia/chat_microservice/internal/service/chat/send.go:17.32,19.4 1 0
github.com/s0vunia/chat_microservice/internal/service/chat/send.go:20.3,21.19 2 0
github.com/s0vunia/chat_microservice/internal/service/chat/send.go:21.19,23.4 1 0
github.com/s0vunia/chat_microservice/internal/service/chat/send.go:25.3,28.19 2 0
github.com/s0vunia/chat_microservice/internal/service/chat/send.go:28.19,30.4 1 0
github.com/s0vunia/chat_microservice/internal/service/chat/send.go:32.3,32.13 1 0
github.com/s0vunia/chat_microservice/internal/service/chat/send.go:34.2,34.16 1 0
github.com/s0vunia/chat_microservice/internal/service/chat/send.go:34.16,36.3 1 0
github.com/s0vunia/chat_microservice/internal/service/chat/send.go:37.2,37.16 1 0
github.com/s0vunia/chat_microservice/internal/service/chat/service.go:27.23,36.2 1 0
